2024-06-14T10:17:52.726+05:30  INFO 11816 --- [Hello-Shoes-BackEnd-SpringBoot] [restartedMain] l.i.gdse66.helloshoes.WebAppInitializer  : Starting WebAppInitializer using Java 17.0.7 with PID 11816 (D:\IJSE\Workspace\2nd Sem Repo\AAD\Course Work\Hello-Shoes-AAD-CW\Hello-Shoes-BackEnd\target\classes started by kavit in D:\IJSE\Workspace\2nd Sem Repo\AAD\Course Work\Hello-Shoes-AAD-CW)
2024-06-14T10:17:52.730+05:30  INFO 11816 --- [Hello-Shoes-BackEnd-SpringBoot] [restartedMain] l.i.gdse66.helloshoes.WebAppInitializer  : No active profile set, falling back to 1 default profile: "default"
2024-06-14T10:17:52.789+05:30  INFO 11816 --- [Hello-Shoes-BackEnd-SpringBoot] [restartedMain] .e.DevToolsPropertyDefaultsPostProcessor : Devtools property defaults active! Set 'spring.devtools.add-properties' to 'false' to disable
2024-06-14T10:17:52.790+05:30  INFO 11816 --- [Hello-Shoes-BackEnd-SpringBoot] [restartedMain] .e.DevToolsPropertyDefaultsPostProcessor : For additional web related logging consider setting the 'logging.level.web' property to 'DEBUG'
2024-06-14T10:17:53.644+05:30  INFO 11816 --- [Hello-Shoes-BackEnd-SpringBoot] [restartedMain] .s.d.r.c.RepositoryConfigurationDelegate : Bootstrapping Spring Data JPA repositories in DEFAULT mode.
2024-06-14T10:17:53.739+05:30  INFO 11816 --- [Hello-Shoes-BackEnd-SpringBoot] [restartedMain] .s.d.r.c.RepositoryConfigurationDelegate : Finished Spring Data repository scanning in 87 ms. Found 8 JPA repository interfaces.
2024-06-14T10:17:54.312+05:30  INFO 11816 --- [Hello-Shoes-BackEnd-SpringBoot] [restartedMain] o.s.b.w.embedded.tomcat.TomcatWebServer  : Tomcat initialized with port 8080 (http)
2024-06-14T10:17:54.323+05:30  INFO 11816 --- [Hello-Shoes-BackEnd-SpringBoot] [restartedMain] o.apache.catalina.core.StandardService   : Starting service [Tomcat]
2024-06-14T10:17:54.323+05:30  INFO 11816 --- [Hello-Shoes-BackEnd-SpringBoot] [restartedMain] o.apache.catalina.core.StandardEngine    : Starting Servlet engine: [Apache Tomcat/10.1.20]
2024-06-14T10:17:54.373+05:30  INFO 11816 --- [Hello-Shoes-BackEnd-SpringBoot] [restartedMain] o.a.c.c.C.[.[localhost].[/helloshoes]    : Initializing Spring embedded WebApplicationContext
2024-06-14T10:17:54.373+05:30  INFO 11816 --- [Hello-Shoes-BackEnd-SpringBoot] [restartedMain] w.s.c.ServletWebServerApplicationContext : Root WebApplicationContext: initialization completed in 1582 ms
2024-06-14T10:17:54.468+05:30  INFO 11816 --- [Hello-Shoes-BackEnd-SpringBoot] [restartedMain] com.zaxxer.hikari.HikariDataSource       : HikariPool-1 - Starting...
2024-06-14T10:17:54.881+05:30  INFO 11816 --- [Hello-Shoes-BackEnd-SpringBoot] [restartedMain] com.zaxxer.hikari.pool.HikariPool        : HikariPool-1 - Added connection com.mysql.cj.jdbc.ConnectionImpl@fe0d2cd
2024-06-14T10:17:54.884+05:30  INFO 11816 --- [Hello-Shoes-BackEnd-SpringBoot] [restartedMain] com.zaxxer.hikari.HikariDataSource       : HikariPool-1 - Start completed.
2024-06-14T10:17:54.923+05:30  INFO 11816 --- [Hello-Shoes-BackEnd-SpringBoot] [restartedMain] o.hibernate.jpa.internal.util.LogHelper  : HHH000204: Processing PersistenceUnitInfo [name: default]
2024-06-14T10:17:54.989+05:30  INFO 11816 --- [Hello-Shoes-BackEnd-SpringBoot] [restartedMain] org.hibernate.Version                    : HHH000412: Hibernate ORM core version 6.4.4.Final
2024-06-14T10:17:55.038+05:30  INFO 11816 --- [Hello-Shoes-BackEnd-SpringBoot] [restartedMain] o.h.c.internal.RegionFactoryInitiator    : HHH000026: Second-level cache disabled
2024-06-14T10:17:55.350+05:30  INFO 11816 --- [Hello-Shoes-BackEnd-SpringBoot] [restartedMain] o.s.o.j.p.SpringPersistenceUnitInfo      : No LoadTimeWeaver setup: ignoring JPA class transformer
2024-06-14T10:17:55.437+05:30  WARN 11816 --- [Hello-Shoes-BackEnd-SpringBoot] [restartedMain] org.hibernate.orm.deprecation            : HHH90000025: MySQLDialect does not need to be specified explicitly using 'hibernate.dialect' (remove the property setting and it will be selected by default)
2024-06-14T10:17:56.865+05:30  INFO 11816 --- [Hello-Shoes-BackEnd-SpringBoot] [restartedMain] o.h.e.t.j.p.i.JtaPlatformInitiator       : HHH000489: No JTA platform available (set 'hibernate.transaction.jta.platform' to enable JTA platform integration)
2024-06-14T10:17:57.596+05:30  INFO 11816 --- [Hello-Shoes-BackEnd-SpringBoot] [restartedMain] j.LocalContainerEntityManagerFactoryBean : Initialized JPA EntityManagerFactory for persistence unit 'default'
2024-06-14T10:17:58.228+05:30  INFO 11816 --- [Hello-Shoes-BackEnd-SpringBoot] [restartedMain] o.s.d.j.r.query.QueryEnhancerFactory     : Hibernate is in classpath; If applicable, HQL parser will be used.
2024-06-14T10:17:59.082+05:30  WARN 11816 --- [Hello-Shoes-BackEnd-SpringBoot] [restartedMain] JpaBaseConfiguration$JpaWebConfiguration : spring.jpa.open-in-view is enabled by default. Therefore, database queries may be performed during view rendering. Explicitly configure spring.jpa.open-in-view to disable this warning
2024-06-14T10:17:59.322+05:30  INFO 11816 --- [Hello-Shoes-BackEnd-SpringBoot] [restartedMain] o.s.s.web.DefaultSecurityFilterChain     : Will secure any request with [org.springframework.security.web.session.DisableEncodeUrlFilter@5e1002de, org.springframework.security.web.context.request.async.WebAsyncManagerIntegrationFilter@71b29e7f, org.springframework.security.web.context.SecurityContextHolderFilter@2db242, org.springframework.security.web.header.HeaderWriterFilter@62a3eaef, org.springframework.web.filter.CorsFilter@f4def5a, org.springframework.security.web.authentication.logout.LogoutFilter@14114e4, lk.ijse.gdse66.helloshoes.config.JwtConfigurationFilter$$SpringCGLIB$$0@239a82ce, org.springframework.security.web.savedrequest.RequestCacheAwareFilter@67bc75d4, org.springframework.security.web.servletapi.SecurityContextHolderAwareRequestFilter@10f5ea38, org.springframework.security.web.authentication.AnonymousAuthenticationFilter@f90fa81, org.springframework.security.web.session.SessionManagementFilter@3210d478, org.springframework.security.web.access.ExceptionTranslationFilter@58f0cbb5, org.springframework.security.web.access.intercept.AuthorizationFilter@591ed279]
2024-06-14T10:17:59.535+05:30  INFO 11816 --- [Hello-Shoes-BackEnd-SpringBoot] [restartedMain] o.s.b.d.a.OptionalLiveReloadServer       : LiveReload server is running on port 35729
2024-06-14T10:17:59.585+05:30  INFO 11816 --- [Hello-Shoes-BackEnd-SpringBoot] [restartedMain] o.s.b.w.embedded.tomcat.TomcatWebServer  : Tomcat started on port 8080 (http) with context path '/helloshoes'
2024-06-14T10:17:59.595+05:30  INFO 11816 --- [Hello-Shoes-BackEnd-SpringBoot] [restartedMain] l.i.gdse66.helloshoes.WebAppInitializer  : Started WebAppInitializer in 7.358 seconds (process running for 8.712)
2024-06-14T10:18:11.842+05:30  INFO 11816 --- [Hello-Shoes-BackEnd-SpringBoot] [SpringApplicationShutdownHook] j.LocalContainerEntityManagerFactoryBean : Closing JPA EntityManagerFactory for persistence unit 'default'
2024-06-14T10:18:11.844+05:30  INFO 11816 --- [Hello-Shoes-BackEnd-SpringBoot] [SpringApplicationShutdownHook] com.zaxxer.hikari.HikariDataSource       : HikariPool-1 - Shutdown initiated...
2024-06-14T10:18:11.853+05:30  INFO 11816 --- [Hello-Shoes-BackEnd-SpringBoot] [SpringApplicationShutdownHook] com.zaxxer.hikari.HikariDataSource       : HikariPool-1 - Shutdown completed.
